-------------------------------------------------------------------------------
Test set: com.assignment.repository.DriverRepositoryTest
-------------------------------------------------------------------------------
Tests run: 10, Failures: 3, Errors: 2, Skipped: 0, Time elapsed: 0.076 s <<< FAILURE! -- in com.assignment.repository.DriverRepositoryTest
com.assignment.repository.DriverRepositoryTest.tcD403NonLicenceUpdateWithMoreThanTenYearsExperienceShouldBeAllowed -- Time elapsed: 0.019 s <<< FAILURE!
org.opentest4j.AssertionFailedError: expected: <true> but was: <false>
	at org.junit.jupiter.api.AssertionFailureBuilder.build(AssertionFailureBuilder.java:151)
	at org.junit.jupiter.api.AssertionFailureBuilder.buildAndThrow(AssertionFailureBuilder.java:132)
	at org.junit.jupiter.api.AssertTrue.failNotTrue(AssertTrue.java:63)
	at org.junit.jupiter.api.AssertTrue.assertTrue(AssertTrue.java:36)
	at org.junit.jupiter.api.AssertTrue.assertTrue(AssertTrue.java:31)
	at org.junit.jupiter.api.Assertions.assertTrue(Assertions.java:183)
	at com.assignment.repository.DriverRepositoryTest.tcD403NonLicenceUpdateWithMoreThanTenYearsExperienceShouldBeAllowed(DriverRepositoryTest.java:114)
	at java.base/java.lang.reflect.Method.invoke(Method.java:568)
	at java.base/java.util.ArrayList.forEach(ArrayList.java:1511)
	at java.base/java.util.ArrayList.forEach(ArrayList.java:1511)

com.assignment.repository.DriverRepositoryTest.tcDint01ValidDriverDataShouldBePersistedToTextStorage -- Time elapsed: 0.008 s <<< ERROR!
java.lang.NumberFormatException: For input string: " 8 "
	at java.base/java.lang.NumberFormatException.forInputString(NumberFormatException.java:67)
	at java.base/java.lang.Integer.parseInt(Integer.java:654)
	at java.base/java.lang.Integer.parseInt(Integer.java:786)
	at com.assignment.repository.DriverRepository.loadDriversFromFile(DriverRepository.java:125)
	at com.assignment.repository.DriverRepository.<init>(DriverRepository.java:20)
	at com.assignment.repository.DriverRepositoryTest.tcDint01ValidDriverDataShouldBePersistedToTextStorage(DriverRepositoryTest.java:172)
	at java.base/java.lang.reflect.Method.invoke(Method.java:568)
	at java.base/java.util.ArrayList.forEach(ArrayList.java:1511)
	at java.base/java.util.ArrayList.forEach(ArrayList.java:1511)

com.assignment.repository.DriverRepositoryTest.tcDint02InvalidDriverIdShouldNotBePersisted -- Time elapsed: 0.004 s <<< FAILURE!
org.opentest4j.AssertionFailedError: expected: <false> but was: <true>
	at org.junit.jupiter.api.AssertionFailureBuilder.build(AssertionFailureBuilder.java:151)
	at org.junit.jupiter.api.AssertionFailureBuilder.buildAndThrow(AssertionFailureBuilder.java:132)
	at org.junit.jupiter.api.AssertFalse.failNotFalse(AssertFalse.java:63)
	at org.junit.jupiter.api.AssertFalse.assertFalse(AssertFalse.java:36)
	at org.junit.jupiter.api.AssertFalse.assertFalse(AssertFalse.java:31)
	at org.junit.jupiter.api.Assertions.assertFalse(Assertions.java:231)
	at com.assignment.repository.DriverRepositoryTest.tcDint02InvalidDriverIdShouldNotBePersisted(DriverRepositoryTest.java:190)
	at java.base/java.lang.reflect.Method.invoke(Method.java:568)
	at java.base/java.util.ArrayList.forEach(ArrayList.java:1511)
	at java.base/java.util.ArrayList.forEach(ArrayList.java:1511)

com.assignment.repository.DriverRepositoryTest.tcDint03DriverUpdatesShouldPersistAcrossRepositoryReloads -- Time elapsed: 0.008 s <<< ERROR!
java.lang.NumberFormatException: For input string: " 8 "
	at java.base/java.lang.NumberFormatException.forInputString(NumberFormatException.java:67)
	at java.base/java.lang.Integer.parseInt(Integer.java:654)
	at java.base/java.lang.Integer.parseInt(Integer.java:786)
	at com.assignment.repository.DriverRepository.loadDriversFromFile(DriverRepository.java:125)
	at com.assignment.repository.DriverRepository.<init>(DriverRepository.java:20)
	at com.assignment.repository.DriverRepositoryTest.tcDint03DriverUpdatesShouldPersistAcrossRepositoryReloads(DriverRepositoryTest.java:209)
	at java.base/java.lang.reflect.Method.invoke(Method.java:568)
	at java.base/java.util.ArrayList.forEach(ArrayList.java:1511)
	at java.base/java.util.ArrayList.forEach(ArrayList.java:1511)

com.assignment.repository.DriverRepositoryTest.tcD402LicenceUpgradeWithMoreThanTenYearsExperienceShouldBeRejected -- Time elapsed: 0.005 s <<< FAILURE!
org.opentest4j.AssertionFailedError: expected: <false> but was: <true>
	at org.junit.jupiter.api.AssertionFailureBuilder.build(AssertionFailureBuilder.java:151)
	at org.junit.jupiter.api.AssertionFailureBuilder.buildAndThrow(AssertionFailureBuilder.java:132)
	at org.junit.jupiter.api.AssertFalse.failNotFalse(AssertFalse.java:63)
	at org.junit.jupiter.api.AssertFalse.assertFalse(AssertFalse.java:36)
	at org.junit.jupiter.api.AssertFalse.assertFalse(AssertFalse.java:31)
	at org.junit.jupiter.api.Assertions.assertFalse(Assertions.java:231)
	at com.assignment.repository.DriverRepositoryTest.tcD402LicenceUpgradeWithMoreThanTenYearsExperienceShouldBeRejected(DriverRepositoryTest.java:92)
	at java.base/java.lang.reflect.Method.invoke(Method.java:568)
	at java.base/java.util.ArrayList.forEach(ArrayList.java:1511)
	at java.base/java.util.ArrayList.forEach(ArrayList.java:1511)

