<?xml version="1.0" encoding="UTF-8"?>
<testsuite xmlns:xsi="http://www.w3.org/2001/XMLSchema-instance" xsi:noNamespaceSchemaLocation="https://maven.apache.org/surefire/maven-surefire-plugin/xsd/surefire-test-report-3.0.xsd" version="3.0" name="com.assignment.repository.DriverRepositoryTest" time="0.056" tests="10" errors="0" skipped="0" failures="0">
  <properties>
[...]
</properties>
  <testcase name="validDriverDataShouldBePersistedToTextStorage" classname="com.assignment.repository.DriverRepositoryTest" time="0.013"/>
  <testcase name="nonLicenceUpdateWithMoreThanTenYearsExperienceShouldBeAllowed" classname="com.assignment.repository.DriverRepositoryTest" time="0.004"/>
  <testcase name="driverUpdatesShouldPersistAcrossRepositoryReloads" classname="com.assignment.repository.DriverRepositoryTest" time="0.007"/>
  <testcase name="licenceUpgradeWithMoreThanTenYearsExperienceShouldBeRejected" classname="com.assignment.repository.DriverRepositoryTest" time="0.004"/>
  <testcase name="licenceUpgradeWithLessThanTenYearsExperienceShouldBeAllowed" classname="com.assignment.repository.DriverRepositoryTest" time="0.003"/>
  <testcase name="updatingMutableDriverFieldsShouldBeAllowed" classname="com.assignment.repository.DriverRepositoryTest" time="0.005"/>
  <testcase name="driverRegistryCountShouldIncreaseAfterAddingValidDriver" classname="com.assignment.repository.DriverRepositoryTest" time="0.004"/>
  <testcase name="attemptingToChangeDriverNameShouldBeRejected" classname="com.assignment.repository.DriverRepositoryTest" time="0.005"/>
  <testcase name="invalidDriverIdShouldNotBePersisted" classname="com.assignment.repository.DriverRepositoryTest" time="0.002"/>
  <testcase name="attemptingToChangeDriverIdShouldBeRejected" classname="com.assignment.repository.DriverRepositoryTest" time="0.003"/>
</testsuite>