<?xml version="1.0" encoding="UTF-8"?>
<testsuite xmlns:xsi="http://www.w3.org/2001/XMLSchema-instance" xsi:noNamespaceSchemaLocation="https://maven.apache.org/surefire/maven-surefire-plugin/xsd/surefire-test-report-3.0.xsd" version="3.0" name="com.assignment.helper.BusAndDriverTest" time="0.077" tests="9" errors="0" skipped="0" failures="1">
  <properties>
[...]
</properties>
  <testcase name="driverOverFiftyCanDriveSmallBus" classname="com.assignment.helper.BusAndDriverTest" time="0.021"/>
  <testcase name="driverUnderFiftyCanDriveLargeBus" classname="com.assignment.helper.BusAndDriverTest" time="0.007"/>
  <testcase name="lowExperienceDriverCanDriveDieselBus" classname="com.assignment.helper.BusAndDriverTest" time="0.002"/>
  <testcase name="publicTransportLicenceDriverCanDriveElectricBus" classname="com.assignment.helper.BusAndDriverTest" time="0.001"/>
  <testcase name="driverWithFiveYearsExperienceCanDriveElectricBus" classname="com.assignment.helper.BusAndDriverTest" time="0.002"/>
  <testcase name="driverWithLessThanFiveYearsExperienceCannotDriveElectricBus" classname="com.assignment.helper.BusAndDriverTest" time="0.001"/>
  <testcase name="heavyLicenceDriverCanDriveHybridBus" classname="com.assignment.helper.BusAndDriverTest" time="0.0"/>
  <testcase name="mediumLicenceDriverCannotDriveElectricBus" classname="com.assignment.helper.BusAndDriverTest" time="0.009">
    <failure message="expected: &lt;false&gt; but was: &lt;true&gt;" type="org.opentest4j.AssertionFailedError"><![CDATA[org.opentest4j.AssertionFailedError: expected: <false> but was: <true>
	at org.junit.jupiter.api.AssertionFailureBuilder.build(AssertionFailureBuilder.java:151)
	at org.junit.jupiter.api.AssertionFailureBuilder.buildAndThrow(AssertionFailureBuilder.java:132)
	at org.junit.jupiter.api.AssertFalse.failNotFalse(AssertFalse.java:63)
	at org.junit.jupiter.api.AssertFalse.assertFalse(AssertFalse.java:36)
	at org.junit.jupiter.api.AssertFalse.assertFalse(AssertFalse.java:31)
	at org.junit.jupiter.api.Assertions.assertFalse(Assertions.java:231)
	at com.assignment.helper.BusAndDriverTest.mediumLicenceDriverCannotDriveElectricBus(BusAndDriverTest.java:140)
	at java.base/java.lang.reflect.Method.invoke(Method.java:568)
	at java.base/java.util.ArrayList.forEach(ArrayList.java:1511)
	at java.base/java.util.ArrayList.forEach(ArrayList.java:1511)
]]></failure>
  </testcase>
  <testcase name="driverOverFiftyCannotDriveLargeBus" classname="com.assignment.helper.BusAndDriverTest" time="0.001"/>
</testsuite>